2024-11-14 07:57:15.732 GMT [1] LOG:  starting PostgreSQL 17.0 (Debian 17.0-1.pgdg120+1) on x86_64-pc-linux-gnu, compiled by gcc (Debian 12.2.0-14) 12.2.0, 64-bit
2024-11-14 07:57:15.734 GMT [1] LOG:  listening on IPv4 address "0.0.0.0", port 5432
2024-11-14 07:57:15.734 GMT [1] LOG:  listening on IPv6 address "::", port 5432
2024-11-14 07:57:15.746 GMT [1] LOG:  listening on Unix socket "/var/run/postgresql/.s.PGSQL.5432"
2024-11-14 07:57:15.806 GMT [30] LOG:  database system was interrupted; last known up at 2024-11-14 07:42:02 GMT
2024-11-14 07:57:25.821 GMT [30] LOG:  syncing data directory (pre-fsync), elapsed time: 10.00 s, current path: ./base/5/2605
2024-11-14 07:57:30.913 GMT [30] LOG:  database system was not properly shut down; automatic recovery in progress
2024-11-14 07:57:30.953 GMT [30] LOG:  redo starts at 0/15A4040
2024-11-14 07:57:30.954 GMT [30] LOG:  invalid record length at 0/15A4078: expected at least 24, got 0
2024-11-14 07:57:30.954 GMT [30] LOG:  redo done at 0/15A4040 system usage: CPU: user: 0.00 s, system: 0.00 s, elapsed: 0.00 s
2024-11-14 07:57:30.992 GMT [28] LOG:  checkpoint starting: end-of-recovery immediate wait
2024-11-14 07:57:31.069 GMT [28] LOG:  checkpoint complete: wrote 3 buffers (0.0%); 0 WAL file(s) added, 0 removed, 0 recycled; write=0.019 s, sync=0.008 s, total=0.081 s; sync files=2, longest=0.005 s, average=0.004 s; distance=0 kB, estimate=0 kB; lsn=0/15A4078, redo lsn=0/15A4078
2024-11-14 07:57:31.096 GMT [1] LOG:  database system is ready to accept connections
2024-11-14 07:59:24.023 GMT [1] LOG:  received fast shutdown request
2024-11-14 07:59:24.141 GMT [1] LOG:  aborting any active transactions
2024-11-14 07:59:26.009 GMT [1] LOG:  background worker "logical replication launcher" (PID 33) exited with exit code 1
2024-11-14 07:59:26.128 GMT [28] LOG:  shutting down
2024-11-14 07:59:26.237 GMT [28] LOG:  checkpoint starting: shutdown immediate
2024-11-14 07:59:26.826 GMT [28] LOG:  checkpoint complete: wrote 0 buffers (0.0%); 0 WAL file(s) added, 0 removed, 0 recycled; write=0.188 s, sync=0.001 s, total=0.697 s; sync files=0, longest=0.000 s, average=0.000 s; distance=0 kB, estimate=0 kB; lsn=0/15A4128, redo lsn=0/15A4128
2024-11-14 07:59:26.957 GMT [1] LOG:  database system is shut down
